{"/Users/jasonbranch-allen/Downloads/4th Year/Winter 2022/CMPUT 404/Project/cmput404/src/components/Header.tsx": {"path":"/Users/jasonbranch-allen/Downloads/4th Year/Winter 2022/CMPUT 404/Project/cmput404/src/components/Header.tsx","statementMap":{"0":{"start":{"line":1,"column":0},"end":{"line":1,"column":27}},"1":{"start":{"line":2,"column":0},"end":{"line":2,"column":39}},"2":{"start":{"line":5,"column":2},"end":{"line":33,"column":4}},"3":{"start":{"line":36,"column":0},"end":{"line":36,"column":22}}},"fnMap":{"0":{"name":"Header","decl":{"start":{"line":4,"column":9},"end":{"line":4,"column":15}},"loc":{"start":{"line":4,"column":26},"end":{"line":34,"column":1}}}},"branchMap":{},"s":{"0":1,"1":1,"2":1,"3":1},"f":{"0":1},"b":{}}
,"/Users/jasonbranch-allen/Downloads/4th Year/Winter 2022/CMPUT 404/Project/cmput404/src/components/Post.tsx": {"path":"/Users/jasonbranch-allen/Downloads/4th Year/Winter 2022/CMPUT 404/Project/cmput404/src/components/Post.tsx","statementMap":{"0":{"start":{"line":1,"column":0},"end":{"line":1,"column":27}},"1":{"start":{"line":2,"column":0},"end":{"line":2,"column":84}},"2":{"start":{"line":3,"column":0},"end":{"line":3,"column":90}},"3":{"start":{"line":4,"column":0},"end":{"line":4,"column":66}},"4":{"start":{"line":18,"column":4},"end":{"line":37,"column":6}},"5":{"start":{"line":41,"column":0},"end":{"line":41,"column":20}}},"fnMap":{"0":{"name":"Post","decl":{"start":{"line":16,"column":9},"end":{"line":16,"column":13}},"loc":{"start":{"line":16,"column":48},"end":{"line":39,"column":1}}}},"branchMap":{},"s":{"0":1,"1":1,"2":1,"3":1,"4":1,"5":1},"f":{"0":1},"b":{}}
,"/Users/jasonbranch-allen/Downloads/4th Year/Winter 2022/CMPUT 404/Project/cmput404/src/components/search/SearchField.tsx": {"path":"/Users/jasonbranch-allen/Downloads/4th Year/Winter 2022/CMPUT 404/Project/cmput404/src/components/search/SearchField.tsx","statementMap":{"0":{"start":{"line":1,"column":0},"end":{"line":1,"column":27}},"1":{"start":{"line":2,"column":0},"end":{"line":2,"column":61}},"2":{"start":{"line":3,"column":0},"end":{"line":3,"column":52}},"3":{"start":{"line":5,"column":24},"end":{"line":7,"column":2}},"4":{"start":{"line":9,"column":20},"end":{"line":24,"column":1}},"5":{"start":{"line":10,"column":4},"end":{"line":23,"column":6}},"6":{"start":{"line":26,"column":0},"end":{"line":26,"column":27}}},"fnMap":{"0":{"name":"(anonymous_1)","decl":{"start":{"line":9,"column":20},"end":{"line":9,"column":23}},"loc":{"start":{"line":9,"column":25},"end":{"line":24,"column":1}}}},"branchMap":{},"s":{"0":1,"1":1,"2":1,"3":1,"4":1,"5":1,"6":1},"f":{"0":1},"b":{}}
}
